<?xml version="1.0" encoding="UTF-8"?>
<!-- Generated by org.testng.reporters.JUnitReportReporter -->
<testsuite skipped="0" hostname="LAPTOP-258E1LQH" name="DatePicker" tests="1" failures="0" timestamp="13 Dec 2017 16:30:35 GMT" time="9.263" errors="0">
  <testcase name="test" time="9.263" classname="DatePicker"/>
</testsuite> <!-- DatePicker -->
