<?xml version="1.0" encoding="UTF-8"?>
<!-- Generated by org.testng.reporters.JUnitReportReporter -->
<testsuite skipped="1" hostname="LAPTOP-258E1LQH" name="com.selenium.work.TakeScreenshotDemo" tests="2" failures="0" timestamp="13 Dec 2017 09:56:38 GMT" time="31.472" errors="0">
  <testcase name="test1" time="31.472" classname="com.selenium.work.TakeScreenshotDemo"/>
  <testcase name="test" classname="com.selenium.work.TakeScreenshotDemo">
    <skipped/>
  </testcase> <!-- test -->
</testsuite> <!-- com.selenium.work.TakeScreenshotDemo -->
