<?xml version="1.0" encoding="UTF-8"?>
<!-- Generated by org.testng.reporters.JUnitReportReporter -->
<testsuite skipped="0" hostname="LAPTOP-258E1LQH" name="com.WhatsApp.AmazonDemo" tests="1" failures="0" timestamp="23 Jul 2017 18:26:26 GMT" time="31.206" errors="0">
  <testcase name="launchDriver" time="31.206" classname="com.WhatsApp.AmazonDemo"/>
</testsuite> <!-- com.WhatsApp.AmazonDemo -->
