<?xml version="1.0" encoding="UTF-8"?>
<!-- Generated by org.testng.reporters.JUnitReportReporter -->
<testsuite skipped="1" hostname="LAPTOP-258E1LQH" name="prac.IsElementVisibleDemo" tests="2" failures="0" timestamp="13 Dec 2017 12:19:58 GMT" time="7.464" errors="0">
  <testcase name="getSearchValues" time="7.464" classname="prac.IsElementVisibleDemo"/>
  <testcase name="test" classname="prac.IsElementVisibleDemo">
    <skipped/>
  </testcase> <!-- test -->
</testsuite> <!-- prac.IsElementVisibleDemo -->
